0 info it worked if it ends with ok
1 verbose cli [ 'C:\\Program Files\\nodejs\\\\node.exe',
1 verbose cli   'C:\\Program Files\\nodejs\\node_modules\\npm\\bin\\npm-cli.js',
1 verbose cli   'install',
1 verbose cli   'seaport' ]
2 info using npm@2.5.1
3 info using node@v0.12.0
4 verbose node symlink C:\Program Files\nodejs\\node.exe
5 warn package.json querystring@0.2.0 querystring is also the name of a node core module.
6 silly cache add args [ 'seaport', null ]
7 verbose cache add spec seaport
8 silly cache add parsed spec { raw: 'seaport',
8 silly cache add   scope: null,
8 silly cache add   name: 'seaport',
8 silly cache add   rawSpec: '',
8 silly cache add   spec: '*',
8 silly cache add   type: 'range' }
9 verbose addNamed seaport@*
10 silly addNamed semver.valid null
11 silly addNamed semver.validRange *
12 silly addNameRange { name: 'seaport', range: '*', hasData: false }
13 silly mapToRegistry name seaport
14 silly mapToRegistry using default registry
15 silly mapToRegistry registry https://registry.npmjs.org/
16 silly mapToRegistry uri https://registry.npmjs.org/seaport
17 verbose addNameRange registry:https://registry.npmjs.org/seaport not in flight; fetching
18 verbose request uri https://registry.npmjs.org/seaport
19 verbose request no auth needed
20 info attempt registry request try #1 at 5:24:53 PM
21 verbose request id f0f147978b434510
22 http request GET https://registry.npmjs.org/seaport
23 info retry will retry, error on last attempt: Error: tunneling socket could not be established, cause=Parse Error
24 info attempt registry request try #2 at 5:25:04 PM
25 http request GET https://registry.npmjs.org/seaport
26 info retry will retry, error on last attempt: Error: tunneling socket could not be established, cause=Parse Error
27 info attempt registry request try #3 at 5:26:04 PM
28 http request GET https://registry.npmjs.org/seaport
29 verbose stack Error: tunneling socket could not be established, cause=Parse Error
29 verbose stack     at ClientRequest.onError (C:\Program Files\nodejs\node_modules\npm\node_modules\request\node_modules\tunnel-agent\index.js:168:17)
29 verbose stack     at ClientRequest.g (events.js:199:16)
29 verbose stack     at ClientRequest.emit (events.js:107:17)
29 verbose stack     at Socket.socketOnData (_http_client.js:315:9)
29 verbose stack     at Socket.emit (events.js:107:17)
29 verbose stack     at readableAddChunk (_stream_readable.js:163:16)
29 verbose stack     at Socket.Readable.push (_stream_readable.js:126:10)
29 verbose stack     at TCP.onread (net.js:529:20)
30 verbose cwd E:\projectspractice\webRTC\Project\code\dev\video-telephony
31 error Windows_NT 6.1.7601
32 error argv "C:\\Program Files\\nodejs\\\\node.exe" "C:\\Program Files\\nodejs\\node_modules\\npm\\bin\\npm-cli.js" "install" "seaport"
33 error node v0.12.0
34 error npm  v2.5.1
35 error code ECONNRESET
36 error network tunneling socket could not be established, cause=Parse Error
36 error network This is most likely not a problem with npm itself
36 error network and is related to network connectivity.
36 error network In most cases you are behind a proxy or have bad network settings.
36 error network
36 error network If you are behind a proxy, please make sure that the
36 error network 'proxy' config is set properly.  See: 'npm help config'
37 verbose exit [ 1, true ]
